<?xml version="1.0" encoding="UTF-8"?>
<!-- Generated by org.testng.reporters.JUnitReportReporter -->
<testsuite hostname="DESKTOP-9ME9V7M" failures="0" tests="1" name="testng.BalajiNewTest" time="9.442" errors="0" timestamp="2022-02-27T15:34:33 EST" skipped="0">
  <testcase classname="testng.BalajiNewTest" name="f" time="9.442"/>
  <system-out/>
</testsuite> <!-- testng.BalajiNewTest -->
