<?xml version="1.0" encoding="UTF-8"?>
<!-- Generated by org.testng.reporters.JUnitReportReporter -->
<testsuite hostname="DESKTOP-9ME9V7M" failures="0" tests="1" name="testng.Jriassignment" time="0.002" errors="0" timestamp="2022-02-27T15:34:33 EST" skipped="0">
  <testcase classname="testng.Jriassignment" name="f" time="0.002"/>
  <system-out/>
</testsuite> <!-- testng.Jriassignment -->
